-------------------------------------------------------------------------------
Test set: com.brianteeter.leetcode.TestProblem205_IsomorphicStrings
-------------------------------------------------------------------------------
Tests run: 2, Failures: 1, Errors: 0, Skipped: 0, Time elapsed: 0 s <<< FAILURE! - in com.brianteeter.leetcode.TestProblem205_IsomorphicStrings
testIsIsomorphicSuccess2(com.brianteeter.leetcode.TestProblem205_IsomorphicStrings)  Time elapsed: 0 s  <<< FAILURE!
java.lang.AssertionError
	at com.brianteeter.leetcode.TestProblem205_IsomorphicStrings.testIsIsomorphicSuccess2(TestProblem205_IsomorphicStrings.java:22)

