<?xml version="1.0" encoding="UTF-8"?>
<testsuite xmlns:xsi="http://www.w3.org/2001/XMLSchema-instance" xsi:noNamespaceSchemaLocation="https://maven.apache.org/surefire/maven-surefire-plugin/xsd/surefire-test-report.xsd" name="com.brianteeter.leetcode.TestProblem205_IsomorphicStrings" time="0" tests="2" errors="0" skipped="0" failures="1">
  <properties>
[...]
</properties>
  <testcase name="testIsIsomorphicSuccess1" classname="com.brianteeter.leetcode.TestProblem205_IsomorphicStrings" time="0"/>
  <testcase name="testIsIsomorphicSuccess2" classname="com.brianteeter.leetcode.TestProblem205_IsomorphicStrings" time="0">
    <failure type="java.lang.AssertionError">java.lang.AssertionError
	at com.brianteeter.leetcode.TestProblem205_IsomorphicStrings.testIsIsomorphicSuccess2(TestProblem205_IsomorphicStrings.java:22)
</failure>
  </testcase>
</testsuite>